# JRE version: OpenJDK Runtime Environment (8.0_242) (build 1.8.0_242-release-1644-b3-6222593)
# Java VM: OpenJDK 64-Bit Server VM (25.242-b3-6222593 mixed mode linux-amd64 compressed oops)
Heap:
 PSYoungGen      total 659456K, used 112979K [0x00000000d5580000, 0x0000000100000000, 0x0000000100000000)
  eden space 623104K, 13% used [0x00000000d5580000,0x00000000da8fb4b0,0x00000000fb600000)
  from space 36352K, 75% used [0x00000000fdc00000,0x00000000ff6d98b0,0x00000000fff80000)
  to   space 37888K, 0% used [0x00000000fb600000,0x00000000fb600000,0x00000000fdb00000)
 ParOldGen       total 218112K, used 79544K [0x0000000080000000, 0x000000008d500000, 0x00000000d5580000)
  object space 218112K, 36% used [0x0000000080000000,0x0000000084dae208,0x000000008d500000)
 Metaspace       used 109501K, capacity 113830K, committed 114328K, reserved 1148928K
  class space    used 13906K, capacity 14798K, committed 15024K, reserved 1048576K
GC Heap History (10 events):
Event: 11026.891 GC heap before
{Heap before GC invocations=14 (full 3):
 PSYoungGen      total 591872K, used 591843K [0x00000000d5580000, 0x00000000fc280000, 0x0000000100000000)
  eden space 561152K, 100% used [0x00000000d5580000,0x00000000f7980000,0x00000000f7980000)
  from space 30720K, 99% used [0x00000000fa480000,0x00000000fc278d18,0x00000000fc280000)
  to   space 37376K, 0% used [0x00000000f7980000,0x00000000f7980000,0x00000000f9e00000)
 ParOldGen       total 140800K, used 49221K [0x0000000080000000, 0x0000000088980000, 0x00000000d5580000)
  object space 140800K, 34% used [0x0000000080000000,0x00000000830115b0,0x0000000088980000)
 Metaspace       used 91019K, capacity 95332K, committed 95640K, reserved 1132544K
  class space    used 11724K, capacity 12642K, committed 12720K, reserved 1048576K
Event: 11026.945 GC heap after
Heap after GC invocations=14 (full 3):
 PSYoungGen      total 598528K, used 24512K [0x00000000d5580000, 0x0000000100000000, 0x0000000100000000)
  eden space 561152K, 0% used [0x00000000d5580000,0x00000000d5580000,0x00000000f7980000)
  from space 37376K, 65% used [0x00000000f7980000,0x00000000f9170158,0x00000000f9e00000)
  to   space 38400K, 0% used [0x00000000fda80000,0x00000000fda80000,0x0000000100000000)
 ParOldGen       total 140800K, used 78334K [0x0000000080000000, 0x0000000088980000, 0x00000000d5580000)
  object space 140800K, 55% used [0x0000000080000000,0x0000000084c7fa20,0x0000000088980000)
 Metaspace       used 91019K, capacity 95332K, committed 95640K, reserved 1132544K
  class space    used 11724K, capacity 12642K, committed 12720K, reserved 1048576K
}
Event: 11027.802 GC heap before
{Heap before GC invocations=15 (full 3):
 PSYoungGen      total 598528K, used 107723K [0x00000000d5580000, 0x0000000100000000, 0x0000000100000000)
  eden space 561152K, 14% used [0x00000000d5580000,0x00000000da6c2d60,0x00000000f7980000)
  from space 37376K, 65% used [0x00000000f7980000,0x00000000f9170158,0x00000000f9e00000)
  to   space 38400K, 0% used [0x00000000fda80000,0x00000000fda80000,0x0000000100000000)
 ParOldGen       total 140800K, used 78334K [0x0000000080000000, 0x0000000088980000, 0x00000000d5580000)
  object space 140800K, 55% used [0x0000000080000000,0x0000000084c7fa20,0x0000000088980000)
 Metaspace       used 94011K, capacity 98396K, committed 98584K, reserved 1134592K
  class space    used 12061K, capacity 13022K, committed 13104K, reserved 1048576K
Event: 11027.842 GC heap after
Heap after GC invocations=15 (full 3):
 PSYoungGen      total 659456K, used 14506K [0x00000000d5580000, 0x00000000ffe00000, 0x0000000100000000)
  eden space 623104K, 0% used [0x00000000d5580000,0x00000000d5580000,0x00000000fb600000)
  from space 36352K, 39% used [0x00000000fda80000,0x00000000fe8aaa58,0x00000000ffe00000)
  to   space 36864K, 0% used [0x00000000fb600000,0x00000000fb600000,0x00000000fda00000)
 ParOldGen       total 140800K, used 98118K [0x0000000080000000, 0x0000000088980000, 0x00000000d5580000)
  object space 140800K, 69% used [0x0000000080000000,0x0000000085fd1bc8,0x0000000088980000)
 Metaspace       used 94011K, capacity 98396K, committed 98584K, reserved 1134592K
  class space    used 12061K, capacity 13022K, committed 13104K, reserved 1048576K
}
Event: 11027.842 GC heap before
{Heap before GC invocations=16 (full 4):
 PSYoungGen      total 659456K, used 14506K [0x00000000d5580000, 0x00000000ffe00000, 0x0000000100000000)
  eden space 623104K, 0% used [0x00000000d5580000,0x00000000d5580000,0x00000000fb600000)
  from space 36352K, 39% used [0x00000000fda80000,0x00000000fe8aaa58,0x00000000ffe00000)
  to   space 36864K, 0% used [0x00000000fb600000,0x00000000fb600000,0x00000000fda00000)
 ParOldGen       total 140800K, used 98118K [0x0000000080000000, 0x0000000088980000, 0x00000000d5580000)
  object space 140800K, 69% used [0x0000000080000000,0x0000000085fd1bc8,0x0000000088980000)
 Metaspace       used 94011K, capacity 98396K, committed 98584K, reserved 1134592K
  class space    used 12061K, capacity 13022K, committed 13104K, reserved 1048576K
Event: 11028.151 GC heap after
Heap after GC invocations=16 (full 4):
 PSYoungGen      total 659456K, used 0K [0x00000000d5580000, 0x00000000ffe00000, 0x0000000100000000)
  eden space 623104K, 0% used [0x00000000d5580000,0x00000000d5580000,0x00000000fb600000)
  from space 36352K, 0% used [0x00000000fda80000,0x00000000fda80000,0x00000000ffe00000)
  to   space 36864K, 0% used [0x00000000fb600000,0x00000000fb600000,0x00000000fda00000)
 ParOldGen       total 218112K, used 69994K [0x0000000080000000, 0x000000008d500000, 0x00000000d5580000)
  object space 218112K, 32% used [0x0000000080000000,0x000000008445aaa0,0x000000008d500000)
 Metaspace       used 92515K, capacity 95556K, committed 98584K, reserved 1134592K
  class space    used 11749K, capacity 12394K, committed 13104K, reserved 1048576K
}
Event: 11129.648 GC heap before
{Heap before GC invocations=17 (full 4):
 PSYoungGen      total 659456K, used 623104K [0x00000000d5580000, 0x00000000ffe00000, 0x0000000100000000)
  eden space 623104K, 100% used [0x00000000d5580000,0x00000000fb600000,0x00000000fb600000)
  from space 36352K, 0% used [0x00000000fda80000,0x00000000fda80000,0x00000000ffe00000)
  to   space 36864K, 0% used [0x00000000fb600000,0x00000000fb600000,0x00000000fda00000)
 ParOldGen       total 218112K, used 69994K [0x0000000080000000, 0x000000008d500000, 0x00000000d5580000)
  object space 218112K, 32% used [0x0000000080000000,0x000000008445aaa0,0x000000008d500000)
 Metaspace       used 102541K, capacity 106102K, committed 107672K, reserved 1142784K
  class space    used 12948K, capacity 13663K, committed 14000K, reserved 1048576K
Event: 11129.684 GC heap after
Heap after GC invocations=17 (full 4):
 PSYoungGen      total 659968K, used 21650K [0x00000000d5580000, 0x00000000fff80000, 0x0000000100000000)
  eden space 623104K, 0% used [0x00000000d5580000,0x00000000d5580000,0x00000000fb600000)
  from space 36864K, 58% used [0x00000000fb600000,0x00000000fcb24870,0x00000000fda00000)
  to   space 36352K, 0% used [0x00000000fdc00000,0x00000000fdc00000,0x00000000fff80000)
 ParOldGen       total 218112K, used 70002K [0x0000000080000000, 0x000000008d500000, 0x00000000d5580000)
  object space 218112K, 32% used [0x0000000080000000,0x000000008445caa0,0x000000008d500000)
 Metaspace       used 102541K, capacity 106102K, committed 107672K, reserved 1142784K
  class space    used 12948K, capacity 13663K, committed 14000K, reserved 1048576K
}
Event: 11258.368 GC heap before
{Heap before GC invocations=18 (full 4):
 PSYoungGen      total 659968K, used 644754K [0x00000000d5580000, 0x00000000fff80000, 0x0000000100000000)
  eden space 623104K, 100% used [0x00000000d5580000,0x00000000fb600000,0x00000000fb600000)
  from space 36864K, 58% used [0x00000000fb600000,0x00000000fcb24870,0x00000000fda00000)
  to   space 36352K, 0% used [0x00000000fdc00000,0x00000000fdc00000,0x00000000fff80000)
 ParOldGen       total 218112K, used 70002K [0x0000000080000000, 0x000000008d500000, 0x00000000d5580000)
  object space 218112K, 32% used [0x0000000080000000,0x000000008445caa0,0x000000008d500000)
 Metaspace       used 105497K, capacity 109548K, committed 110360K, reserved 1144832K
  class space    used 13288K, capacity 14141K, committed 14384K, reserved 1048576K
Event: 11258.410 GC heap after
Heap after GC invocations=18 (full 4):
 PSYoungGen      total 659456K, used 27494K [0x00000000d5580000, 0x0000000100000000, 0x0000000100000000)
  eden space 623104K, 0% used [0x00000000d5580000,0x00000000d5580000,0x00000000fb600000)
  from space 36352K, 75% used [0x00000000fdc00000,0x00000000ff6d98b0,0x00000000fff80000)
  to   space 37888K, 0% used [0x00000000fb600000,0x00000000fb600000,0x00000000fdb00000)
 ParOldGen       total 218112K, used 79544K [0x0000000080000000, 0x000000008d500000, 0x00000000d5580000)
  object space 218112K, 36% used [0x0000000080000000,0x0000000084dae208,0x000000008d500000)
 Metaspace       used 105497K, capacity 109548K, committed 110360K, reserved 1144832K
  class space    used 13288K, capacity 14141K, committed 14384K, reserved 1048576K
}

